[debug] [2021-02-06T13:17:55.708Z] ----------------------------------------------------------------------
[debug] [2021-02-06T13:17:55.712Z] Command:       C:\Program Files\nodejs\node.exe C:\Users\Mecs\AppData\Roaming\npm\node_modules\firebase-tools\lib\bin\firebase.js init
[debug] [2021-02-06T13:17:55.713Z] CLI Version:   9.3.0
[debug] [2021-02-06T13:17:55.713Z] Platform:      win32
[debug] [2021-02-06T13:17:55.713Z] Node Version:  v14.15.2
[debug] [2021-02-06T13:17:55.715Z] Time:          Sat Feb 06 2021 10:17:55 GMT-0300 (hora estándar de Argentina)
[debug] [2021-02-06T13:17:55.715Z] ----------------------------------------------------------------------
[debug] [2021-02-06T13:17:55.715Z] 
[debug] [2021-02-06T13:17:55.728Z] > command requires scopes: ["email","openid","https://www.googleapis.com/auth/cloudplatformprojects.readonly","https://www.googleapis.com/auth/firebase","https://www.googleapis.com/auth/cloud-platform"]
[debug] [2021-02-06T13:17:55.730Z] > authorizing via signed-in user
[info] 
     ######## #### ########  ######## ########     ###     ######  ########
     ##        ##  ##     ## ##       ##     ##  ##   ##  ##       ##
     ######    ##  ########  ######   ########  #########  ######  ######
     ##        ##  ##    ##  ##       ##     ## ##     ##       ## ##
     ##       #### ##     ## ######## ########  ##     ##  ######  ########

You're about to initialize a Firebase project in this directory:

  C:\Users\Mecs\Desktop\amazon-clone\amazon-clone

Before we get started, keep in mind:

  * You are initializing in an existing Firebase project directory

[info] 
=== Project Setup
[info] 
[info] First, let's associate this project directory with a Firebase project.
[info] You can create multiple project aliases by running firebase use --add, 
[info] but for now we'll just set up a default project.
[info] 
[info] i  .firebaserc already has a default project, using clone-fd820. 
[debug] [2021-02-06T13:18:00.496Z] > refreshing access token with scopes: []
[debug] [2021-02-06T13:18:00.497Z] >>> HTTP REQUEST POST https://www.googleapis.com/oauth2/v3/token  
 <request body omitted>
[debug] [2021-02-06T13:18:00.675Z] <<< HTTP RESPONSE 200 {"expires":"Mon, 01 Jan 1990 00:00:00 GMT","pragma":"no-cache","date":"Sat, 06 Feb 2021 13:18:01 GMT","cache-control":"no-cache, no-store, max-age=0, must-revalidate","content-type":"application/json; charset=utf-8","vary":"X-Origin, Referer, Origin,Accept-Encoding","server":"scaffolding on HTTPServer2","x-xss-protection":"0","x-frame-options":"SAMEORIGIN","x-content-type-options":"nosniff","alt-svc":"h3-29=\":443\"; ma=2592000,h3-T051=\":443\"; ma=2592000,h3-Q050=\":443\"; ma=2592000,h3-Q046=\":443\"; ma=2592000,h3-Q043=\":443\"; ma=2592000,quic=\":443\"; ma=2592000; v=\"46,43\"","accept-ranges":"none","transfer-encoding":"chunked"}
[debug] [2021-02-06T13:18:00.681Z] >>> [apiv2][query] GET https://firebase.googleapis.com/v1beta1/projects/clone-fd820 [none]
[debug] [2021-02-06T13:18:01.627Z] <<< [apiv2][status] GET https://firebase.googleapis.com/v1beta1/projects/clone-fd820 200
[debug] [2021-02-06T13:18:01.627Z] <<< [apiv2][body] GET https://firebase.googleapis.com/v1beta1/projects/clone-fd820 {"projectId":"clone-fd820","projectNumber":"756035501700","displayName":"amazon-clone","name":"projects/clone-fd820","resources":{"hostingSite":"clone-fd820"},"state":"ACTIVE"}
[info] 
=== Hosting Setup
[info] 
[info] Your public directory is the folder (relative to your project directory) that
[info] will contain Hosting assets to be uploaded with firebase deploy. If you
[info] have a build process for your assets, use your build's output directory.
[info] 
